\BOOKMARK [0][-]{chapter*.2}{List of Figures}{}% 1
\BOOKMARK [0][-]{chapter*.3}{Glossary}{}% 2
\BOOKMARK [0][-]{chapter*.5}{Preface}{}% 3
\BOOKMARK [0][-]{chapter.1}{Chapter 1: The Standard Model of Particle Physics}{}% 4
\BOOKMARK [1][-]{section.1.1}{1.1 Introduction: Particles and Fields}{chapter.1}% 5
\BOOKMARK [1][-]{section.1.2}{1.2 Quantum Electrodynamics}{chapter.1}% 6
\BOOKMARK [1][-]{section.1.3}{1.3 An Aside on Group Theory}{chapter.1}% 7
\BOOKMARK [1][-]{section.1.4}{1.4 Quantum Chromodynamics}{chapter.1}% 8
\BOOKMARK [1][-]{section.1.5}{1.5 The Weak Interaction}{chapter.1}% 9
\BOOKMARK [1][-]{section.1.6}{1.6 The Higgs Potential and the SM}{chapter.1}% 10
\BOOKMARK [1][-]{section.1.7}{1.7 The Standard Model: A Summary}{chapter.1}% 11
\BOOKMARK [0][-]{chapter.2}{Chapter 2: Di-Higgs Phenomenology and Physics Beyond the Standard Model}{}% 12
\BOOKMARK [1][-]{section.2.1}{2.1 Intro to Di-Higgs}{chapter.2}% 13
\BOOKMARK [1][-]{section.2.2}{2.2 Resonant HH Searches}{chapter.2}% 14
\BOOKMARK [1][-]{section.2.3}{2.3 Non-resonant HH Searches}{chapter.2}% 15
\BOOKMARK [0][-]{chapter.3}{Chapter 3: Experimental Apparatus}{}% 16
\BOOKMARK [1][-]{section.3.1}{3.1 The Large Hadron Collider}{chapter.3}% 17
\BOOKMARK [1][-]{section.3.2}{3.2 The ATLAS Experiment}{chapter.3}% 18
\BOOKMARK [0][-]{chapter.4}{Chapter 4: Simulation}{}% 19
\BOOKMARK [1][-]{section.4.1}{4.1 Event Generation}{chapter.4}% 20
\BOOKMARK [1][-]{section.4.2}{4.2 Detector Simulation}{chapter.4}% 21
\BOOKMARK [1][-]{section.4.3}{4.3 Correlated Fluctuations in FastCaloSim}{chapter.4}% 22
\BOOKMARK [1][-]{section.4.4}{4.4 Outlook}{chapter.4}% 23
\BOOKMARK [0][-]{chapter.5}{Chapter 5: Reconstruction}{}% 24
\BOOKMARK [1][-]{section.5.1}{5.1 Jets}{chapter.5}% 25
\BOOKMARK [1][-]{section.5.2}{5.2 Flavor Tagging}{chapter.5}% 26
\BOOKMARK [0][-]{chapter.6}{Chapter 6: Setting up the HHbbarbbbarb \040Analysis}{}% 27
\BOOKMARK [1][-]{section.6.1}{6.1 Data and Monte Carlo Simulation}{chapter.6}% 28
\BOOKMARK [1][-]{section.6.2}{6.2 Triggers}{chapter.6}% 29
\BOOKMARK [0][-]{chapter.7}{Chapter 7: Analysis Selection}{}% 30
\BOOKMARK [1][-]{section.7.1}{7.1 Analysis Selection}{chapter.7}% 31
\BOOKMARK [1][-]{section.7.2}{7.2 Background Reduction and Top Veto}{chapter.7}% 32
\BOOKMARK [1][-]{section.7.3}{7.3 Kinematic Region Definition}{chapter.7}% 33
\BOOKMARK [1][-]{section.7.4}{7.4 Discriminating Variable}{chapter.7}% 34
\BOOKMARK [0][-]{chapter.8}{Chapter 8: Background Estimation}{}% 35
\BOOKMARK [1][-]{section.8.1}{8.1 The Two Tag Region}{chapter.8}% 36
\BOOKMARK [1][-]{section.8.2}{8.2 Kinematic Reweighting}{chapter.8}% 37
\BOOKMARK [0][-]{chapter.9}{Chapter 9: Uncertainties and Validation}{}% 38
\BOOKMARK [1][-]{section.9.1}{9.1 Statistical Uncertainties and Bootstrapping}{chapter.9}% 39
\BOOKMARK [1][-]{section.9.2}{9.2 Background Shape Uncertainties}{chapter.9}% 40
\BOOKMARK [1][-]{section.9.3}{9.3 Signal Uncertainties}{chapter.9}% 41
\BOOKMARK [1][-]{section.9.4}{9.4 Background Validation}{chapter.9}% 42
\BOOKMARK [0][-]{chapter.10}{Chapter 10: Results}{}% 43
\BOOKMARK [1][-]{section.10.1}{10.1 m\137HH Distributions}{chapter.10}% 44
\BOOKMARK [1][-]{section.10.2}{10.2 Statistical Analysis}{chapter.10}% 45
\BOOKMARK [1][-]{section.10.3}{10.3 Results}{chapter.10}% 46
\BOOKMARK [0][-]{chapter.11}{Chapter 11: Comparisons with Other Channels}{}% 47
\BOOKMARK [0][-]{chapter.12}{Chapter 12: Conclusions}{}% 48
\BOOKMARK [0][-]{appendix.A}{Appendix A: Overview of Other bbarbbbarb Channels}{}% 49
\BOOKMARK [0][-]{appendix.B}{Appendix B: Future Ideas for HHbbarbbbarb }{}% 50
\BOOKMARK [1][-]{section.B.1}{B.1 pairAGraph: A New Method for Jet Pairing}{appendix.B}% 51
\BOOKMARK [1][-]{section.B.2}{B.2 Background Estimation with Mass Plane Interpolation}{appendix.B}% 52
